This is TeX, Version 3.14159 (C version 6.1) (format=latex 2.2.14)  26 MAR 2002 18:56
**high
(high.tex
LaTeX2e <1996/12/01> patch level 1
Babel <v3.6h> and hyphenation patterns for american, german, loaded.
(/usr/add-on/tetex/texmf/tex/latex/base/article.cls
Document Class: article 1996/10/31 v1.3u Standard LaTeX document class
(/usr/add-on/tetex/texmf/tex/latex/base/size10.clo
File: size10.clo 1996/10/31 v1.3u Standard LaTeX file (size option)
)
\c@part=\count79
\c@section=\count80
\c@subsection=\count81
\c@subsubsection=\count82
\c@paragraph=\count83
\c@subparagraph=\count84
\c@figure=\count85
\c@table=\count86
\abovecaptionskip=\skip41
\belowcaptionskip=\skip42
\bibindent=\dimen102
)
(/usr/add-on/tetex/texmf/tex/generic/babel/babel.sty
Package: babel 1997/01/23 v3.6h The Babel package

(/usr/add-on/tetex/texmf/tex/generic/babel/english.ldf
File: english.ldf 1996/12/23 v3.3h English support from the babel system

(/usr/add-on/tetex/texmf/tex/generic/babel/babel.def
File: babel.def 1997/01/23 v3.6h Babel common definitions
\babel@savecnt=\count87
\U@D=\dimen103
)))
(/usr/add-on/tetex/texmf/tex/latex/graphics/epsfig.sty
Package: epsfig 1996/10/04 v1.7 (e)psfig emulation (SPQR)

(/usr/add-on/tetex/texmf/tex/latex/graphics/graphicx.sty
Package: graphicx 1996/10/31 v1.0c Enhanced LaTeX Graphics (DPC,SPQR)

(/usr/add-on/tetex/texmf/tex/latex/graphics/keyval.sty
Package: keyval 1995/09/21 v1.09 key=value parser (DPC)
)
(/usr/add-on/tetex/texmf/tex/latex/graphics/graphics.sty
Package: graphics 1996/10/31 v1.0c Standard LaTeX Graphics (DPC,SPQR)

(/usr/add-on/tetex/texmf/tex/latex/graphics/trig.sty
Package: trig 1994/10/16 v1.08 sin cos tan (DPC)
)
(/usr/add-on/tetex/texmf/tex/latex/config/graphics.cfg)
Package graphics Info: Driver file: dvips.def on input line 82.

(/usr/add-on/tetex/texmf/tex/latex/graphics/dvips.def
File: dvips.def 1996/12/12 v3.0d Driver-dependant file (DPC,SPQR)
))
\Gin@req@height=\dimen104
\Gin@req@width=\dimen105
)
\epsfxsize=\dimen106
\epsfysize=\dimen107
) (high.aux)
LaTeX Font Info:    Checking defaults for OML/cmm/m/it on input line 26.
LaTeX Font Info:    ... okay on input line 26.
LaTeX Font Info:    Checking defaults for T1/cmr/m/n on input line 26.
LaTeX Font Info:    ... okay on input line 26.
LaTeX Font Info:    Checking defaults for OT1/cmr/m/n on input line 26.
LaTeX Font Info:    ... okay on input line 26.
LaTeX Font Info:    Checking defaults for OMS/cmsy/m/n on input line 26.
LaTeX Font Info:    ... okay on input line 26.
LaTeX Font Info:    Checking defaults for OMX/cmex/m/n on input line 26.
LaTeX Font Info:    ... okay on input line 26.
LaTeX Font Info:    Checking defaults for U/cmr/m/n on input line 26.
LaTeX Font Info:    ... okay on input line 26.
LaTeX Font Info:    External font `cmex10' loaded for size
(Font)              <12> on input line 41.
LaTeX Font Info:    External font `cmex10' loaded for size
(Font)              <8> on input line 41.
LaTeX Font Info:    External font `cmex10' loaded for size
(Font)              <6> on input line 41.
 [1

]
[2]
File: high.eps Graphic file (type eps)
 <high.eps> [3]
File: window.eps Graphic file (type eps)
 <window.eps> [4]
LaTeX Font Info:    Try loading font information for OMS+cmr on input line 424.


(/usr/add-on/tetex/texmf/tex/latex/base/omscmr.fd
File: omscmr.fd 1997/01/14 v2.5a Standard LaTeX font definitions
)
LaTeX Font Info:    Font shape `OMS/cmr/m/n' in size <10> not available
(Font)              Font shape `OMS/cmsy/m/n' tried instead on input line 424.
 [5] [6] [7] [8]
LaTeX Font Info:    External font `cmex10' loaded for size
(Font)              <7> on input line 803.
LaTeX Font Info:    External font `cmex10' loaded for size
(Font)              <5> on input line 803.
 [9] [10]
[11]
File: mem1.eps Graphic file (type eps)
 <mem1.eps>
File: mem2.eps Graphic file (type eps)
 <mem2.eps>
File: mem3.eps Graphic file (type eps)
 <mem3.eps>
File: mem4.eps Graphic file (type eps)
 <mem4.eps>
File: release1.eps Graphic file (type eps)
 <release1.eps> [12] [13]
[14] (high.bbl) [15] (high.aux) ) 
Here is how much of TeX's memory you used:
 901 strings out of 10906
 9383 string characters out of 72125
 69386 words of memory out of 262141
 3750 multiletter control sequences out of 9500
 9361 words of font info for 33 fonts, out of 150000 for 255
 14 hyphenation exceptions out of 607
 32i,8n,23p,337b,297s stack positions out of 300i,40n,60p,3000b,4000s

Output written on high.dvi (15 pages, 63188 bytes).
