This is TeX, Version 3.14159 (Web2C 7.3.1) (format=latex 2002.1.17)  13 JAN 2004 20:56
**kaeliyew
(kaeliyew.tex
LaTeX2e <1999/12/01> patch level 1
Babel <v3.6Z> and hyphenation patterns for american, french, german, ngerman, n
ohyphenation, loaded.
(/usr/local/tetex/share/texmf/tex/latex/base/book.cls
Document Class: book 1999/09/10 v1.4a Standard LaTeX document class
(/usr/local/tetex/share/texmf/tex/latex/base/bk10.clo
File: bk10.clo 1999/09/10 v1.4a Standard LaTeX file (size option)
)
\c@part=\count79
\c@chapter=\count80
\c@section=\count81
\c@subsection=\count82
\c@subsubsection=\count83
\c@paragraph=\count84
\c@subparagraph=\count85
\c@figure=\count86
\c@table=\count87
\abovecaptionskip=\skip41
\belowcaptionskip=\skip42
\bibindent=\dimen102
) (kaeliyew.sty
Package: kaeliyew 2002/03/08 3.0 CRC Dictionary Document Style
\c@shared=\count88
\htrim=\dimen103
\vtrimtop=\dimen104
\vtrimbot=\dimen105
\ul@box=\box26
\ur@box=\box27
\ll@box=\box28
\lr@box=\box29
\@cipboxa=\box30
\@cipboxb=\box31
\@ciprulewidth=\dimen106
\c@numauthors=\count89
\section@toc@skip=\skip43
\SectionTOCWidth=\skip44
\subsection@toc@skip=\skip45
\SubSectionTOCWidth=\skip46
\subsubsection@toc@skip=\skip47
\SubSubSectionTOCWidth=\skip48
\paragraph@toc@skip=\skip49
\ParagraphTOCWidth=\skip50
\subparagraph@toc@skip=\skip51
\@chaptoc=\write3
\c@chaptocdepth=\count90
\c@Example=\count91
\c@subequation=\count92

(/usr/local/tetex/share/texmf/tex/latex/misc/floatflt.sty
Package: floatflt 1997/07/16 v. 1.31
\c@OptionTest=\count93
\figbox=\box32
\tabbox=\box33
\pagebox=\box34
\ffigcount=\count94
\ftabcount=\count95
\fftest=\count96
\hangcount=\count97
\nosuccesstryfig=\count98
\nosuccesstrytab=\count99
\figgutter=\dimen107
\tabgutter=\dimen108
\htdone=\dimen109
\pageht=\dimen110
\startpageht=\dimen111
\tabbredd=\dimen112
\floatfltwidth=\dimen113
\fltitemwidth=\dimen114
\outputpretest=\toks14
)
\@captionwidth=\dimen115
\@tablebox=\box35
\@tabletitlebox=\box36
\@tablewidth=\dimen116
\@tabletitlewidth=\dimen117
\max@tablewidth=\dimen118
\copyrightbox=\box37
\c@numlist=\count100
\dwidth=\dimen119
\dheight=\dimen120
\c@ALGORITHM=\count101
\c@APPLICATION=\count102
\c@CASE=\count103
\c@CLAIM=\count104
\c@COROLLARY=\count105
\c@DEFINITION=\count106
\c@FORMULA=\count107
\c@LEMMA=\count108
\c@PROPOSITION=\count109
\c@QUESTION=\count110
\c@REMARK=\count111
\c@TEST=\count112
\c@THEOREM=\count113
)
(/usr/local/tetex/share/texmf/tex/latex/amsfonts/amssymb.sty
Package: amssymb 1996/11/03 v2.2b

(/usr/local/tetex/share/texmf/tex/latex/amsfonts/amsfonts.sty
Package: amsfonts 1997/09/17 v2.2e
\@emptytoks=\toks15
\symAMSa=\mathgroup4
\symAMSb=\mathgroup5
LaTeX Font Info:    Overwriting math alphabet `\mathfrak' in version `bold'
(Font)                  U/euf/m/n --> U/euf/b/n on input line 133.
))
(/usr/local/tetex/share/texmf/tex/latex/amsmath/amsmath.sty
Package: amsmath 2000/01/15 v2.05 AMS math features
\@mathmargin=\skip52

For additional information on amsmath, use the `?' option.
(/usr/local/tetex/share/texmf/tex/latex/amsmath/amstext.sty
Package: amstext 1999/11/15 v2.0

(/usr/local/tetex/share/texmf/tex/latex/amsmath/amsgen.sty
File: amsgen.sty 1999/11/30 v2.0
\@emptytoks=\toks16
\ex@=\dimen121
))
(/usr/local/tetex/share/texmf/tex/latex/amsmath/amsbsy.sty
Package: amsbsy 1999/11/29 v1.2d
\pmbraise@=\dimen122
)
(/usr/local/tetex/share/texmf/tex/latex/amsmath/amsopn.sty
Package: amsopn 1999/12/14 v2.01 operator names
)
\inf@bad=\count114
LaTeX Info: Redefining \frac on input line 198.
\uproot@=\count115
\leftroot@=\count116
LaTeX Info: Redefining \overline on input line 302.
\classnum@=\count117
\DOTSCASE@=\count118
LaTeX Info: Redefining \ldots on input line 376.
LaTeX Info: Redefining \dots on input line 379.
LaTeX Info: Redefining \cdots on input line 464.
\Mathstrutbox@=\box38
\strutbox@=\box39
\big@size=\dimen123
LaTeX Font Info:    Redeclaring font encoding OML on input line 563.
LaTeX Font Info:    Redeclaring font encoding OMS on input line 564.
\macc@skew=\dimen124
\c@MaxMatrixCols=\count119
\dotsspace@=\muskip10
\c@parentequation=\count120
\dspbrk@lvl=\count121
\tag@help=\toks17
\row@=\count122
\column@=\count123
\maxfields@=\count124
\andhelp@=\toks18
\eqnshift@=\dimen125
\alignsep@=\dimen126
\tagshift@=\dimen127
\tagwidth@=\dimen128
\totwidth@=\dimen129
\lineht@=\dimen130
\@envbody=\toks19
\multlinegap=\skip53
\multlinetaggap=\skip54
LaTeX Info: Redefining \[ on input line 2594.
LaTeX Info: Redefining \] on input line 2595.
)
(/usr/local/tetex/share/texmf/tex/latex/base/latexsym.sty
Package: latexsym 1998/08/17 v2.2e Standard LaTeX package (lasy symbols)
\symlasy=\mathgroup6
LaTeX Font Info:    Overwriting symbol font `lasy' in version `bold'
(Font)                  U/lasy/m/n --> U/lasy/b/n on input line 42.
)
(/usr/local/tetex/share/texmf/tex/latex/tools/theorem.sty
Package: theorem 1995/11/23 v2.2c Theorem extension package (FMi)
\theorem@style=\toks20
\theorem@bodyfont=\toks21
\theorempreskipamount=\skip55
\theorempostskipamount=\skip56

(/usr/local/tetex/share/texmf/tex/latex/tools/thp.sty
File: thp.sty 1995/11/23 v2.2c Theorem extension package (FMi)
))
(/usr/local/tetex/share/texmf/tex/latex/graphics/graphicx.sty
Package: graphicx 1999/02/16 v1.0f Enhanced LaTeX Graphics (DPC,SPQR)

(/usr/local/tetex/share/texmf/tex/latex/graphics/keyval.sty
Package: keyval 1999/03/16 v1.13 key=value parser (DPC)
\KV@toks@=\toks22
)
(/usr/local/tetex/share/texmf/tex/latex/graphics/graphics.sty
Package: graphics 1999/02/16 v1.0l Standard LaTeX Graphics (DPC,SPQR)

(/usr/local/tetex/share/texmf/tex/latex/graphics/trig.sty
Package: trig 1999/03/16 v1.09 sin cos tan (DPC)
)
(/usr/local/tetex/share/texmf/tex/latex/config/graphics.cfg)
Package graphics Info: Driver file: dvips.def on input line 80.

(/usr/local/tetex/share/texmf/tex/latex/graphics/dvips.def
File: dvips.def 1999/02/16 v3.0i Driver-dependant file (DPC,SPQR)
))
\Gin@req@height=\dimen131
\Gin@req@width=\dimen132
) (subfigure.sty
Package: subfigure 1995/03/06 v2.0 subfigure package

Package: subfigure 1995/03/06 v2.0
\c@subfigure=\count125
\c@lofdepth=\count126
\c@subtable=\count127
\c@lotdepth=\count128
) (/usr/local/tetex/share/texmf/tex/latex/graphics/epsfig.sty
Package: epsfig 1999/02/16 v1.7a (e)psfig emulation (SPQR)
\epsfxsize=\dimen133
\epsfysize=\dimen134
)
(/usr/local/tetex/share/texmf/tex/latex/base/makeidx.sty
Package: makeidx 1999/09/17 v1.0l Standard LaTeX package
)
(/usr/local/tetex/share/texmf/tex/latex/base/showidx.sty
Package: showidx 1999/09/17 v1.0l Standard LaTeX package
\indexbox=\insert233
)
(/usr/local/tetex/share/texmf/tex/latex/tools/multicol.sty
Package: multicol 1999/10/21 v1.5w multicolumn formatting (FMi)
\c@tracingmulticols=\count129
\mult@box=\box40
\multicol@leftmargin=\dimen135
\c@unbalance=\count130
\c@collectmore=\count131
\doublecol@number=\count132
\multicoltolerance=\count133
\multicolpretolerance=\count134
\full@width=\dimen136
\page@free=\dimen137
\premulticols=\dimen138
\postmulticols=\dimen139
\multicolsep=\skip57
\multicolbaselineskip=\skip58
\partial@page=\box41
\last@line=\box42
\mult@rightbox=\box43
\mult@grightbox=\box44
\mult@gfirstbox=\box45
\mult@firstbox=\box46
\@tempa=\box47
\@tempa=\box48
\@tempa=\box49
\@tempa=\box50
\@tempa=\box51
\@tempa=\box52
\@tempa=\box53
\@tempa=\box54
\@tempa=\box55
\@tempa=\box56
\@tempa=\box57
\@tempa=\box58
\@tempa=\box59
\@tempa=\box60
\@tempa=\box61
\@tempa=\box62
\@tempa=\box63
\c@columnbadness=\count135
\c@finalcolumnbadness=\count136
\last@try=\dimen140
\multicolovershoot=\dimen141
\multicolundershoot=\dimen142
\mult@nat@firstbox=\box64
\colbreak@box=\box65
)
\tempbox=\box66
\nomenwidth=\dimen143
 (kaeliyew.aux)
\openout1 = `kaeliyew.aux'.

LaTeX Font Info:    Checking defaults for OML/cmm/m/it on input line 37.
LaTeX Font Info:    ... okay on input line 37.
LaTeX Font Info:    Checking defaults for T1/cmr/m/n on input line 37.
LaTeX Font Info:    ... okay on input line 37.
LaTeX Font Info:    Checking defaults for OT1/cmr/m/n on input line 37.
LaTeX Font Info:    ... okay on input line 37.
LaTeX Font Info:    Checking defaults for OMS/cmsy/m/n on input line 37.
LaTeX Font Info:    ... okay on input line 37.
LaTeX Font Info:    Checking defaults for OMX/cmex/m/n on input line 37.
LaTeX Font Info:    ... okay on input line 37.
LaTeX Font Info:    Checking defaults for U/cmr/m/n on input line 37.
LaTeX Font Info:    ... okay on input line 37.
LaTeX Font Info:    Try loading font information for OMS+cmr on input line 37.

(/usr/local/tetex/share/texmf/tex/latex/base/omscmr.fd
File: omscmr.fd 1999/05/25 v2.5h Standard LaTeX font definitions
)
LaTeX Font Info:    Font shape `OMS/cmr/m/n' in size <6> not available
(Font)              Font shape `OMS/cmsy/m/n' tried instead on input line 37.

Underfull \vbox (badness 10000) detected at line 38
 []


Overfull \hbox (335.75pt too wide) detected at line 38
[]
 []


Underfull \vbox (badness 10000) detected at line 38
 []


Overfull \hbox (335.75pt too wide) detected at line 38
[]
 []


Underfull \vbox (badness 10000) detected at line 38
 []


Overfull \hbox (335.75pt too wide) detected at line 38
[]
 []


Underfull \vbox (badness 10000) detected at line 38
 []


Overfull \hbox (335.75pt too wide) detected at line 38
[]
 []

(kaeliyew.toc)
\tf@toc=\write4
\openout4 = `kaeliyew.toc'.

LaTeX Font Info:    Try loading font information for U+msa on input line 38.
 (/usr/local/tetex/share/texmf/tex/latex/amsfonts/umsa.fd
File: umsa.fd 1995/01/05 v2.2e AMS font definitions
)
LaTeX Font Info:    Try loading font information for U+msb on input line 38.

(/usr/local/tetex/share/texmf/tex/latex/amsfonts/umsb.fd
File: umsb.fd 1995/01/05 v2.2e AMS font definitions
)
LaTeX Font Info:    Try loading font information for U+lasy on input line 38.

(/usr/local/tetex/share/texmf/tex/latex/base/ulasy.fd
File: ulasy.fd 1998/08/17 v2.2eLaTeX symbol font definitions
)
Underfull \vbox (badness 10000) detected at line 39
 []


Overfull \hbox (335.75pt too wide) detected at line 39
[]
 []


Underfull \vbox (badness 10000) detected at line 39
 []


Overfull \hbox (335.75pt too wide) detected at line 39
[]
 []


Underfull \vbox (badness 10000) detected at line 39
 []


Overfull \hbox (335.75pt too wide) detected at line 39
[]
 []


Underfull \vbox (badness 10000) detected at line 39
 []


Overfull \hbox (335.75pt too wide) detected at line 39
[]
 []


Underfull \hbox (badness 10000) has occurred while \output is active
 [][][][] 
 []


Overfull \hbox (7.22223pt too wide) has occurred while \output is active
[]  \EqNumFont 1
 []

[1


]
Underfull \vbox (badness 10000) detected at line 39
 []


Overfull \hbox (335.75pt too wide) detected at line 39
[]
 []


Underfull \vbox (badness 10000) detected at line 39
 []


Overfull \hbox (335.75pt too wide) detected at line 39
[]
 []


Underfull \vbox (badness 10000) detected at line 39
 []


Overfull \hbox (335.75pt too wide) detected at line 39
[]
 []


Underfull \vbox (badness 10000) detected at line 39
 []


Overfull \hbox (335.75pt too wide) detected at line 39
[]
 []


Underfull \hbox (badness 10000) has occurred while \output is active
 [][][][] 
 []

[2

] (kaeliyew.lot)
\tf@lot=\write5
\openout5 = `kaeliyew.lot'.


Underfull \vbox (badness 10000) detected at line 40
 []


Overfull \hbox (335.75pt too wide) detected at line 40
[]
 []


Underfull \vbox (badness 10000) detected at line 40
 []


Overfull \hbox (335.75pt too wide) detected at line 40
[]
 []


Underfull \vbox (badness 10000) detected at line 40
 []


Overfull \hbox (335.75pt too wide) detected at line 40
[]
 []


Underfull \vbox (badness 10000) detected at line 40
 []


Overfull \hbox (335.75pt too wide) detected at line 40
[]
 []


Underfull \hbox (badness 10000) has occurred while \output is active
 [][][][] 
 []


Overfull \hbox (7.22223pt too wide) has occurred while \output is active
[]  \EqNumFont 3
 []

[3]
Underfull \vbox (badness 10000) detected at line 40
 []


Overfull \hbox (335.75pt too wide) detected at line 40
[]
 []


Underfull \vbox (badness 10000) detected at line 40
 []


Overfull \hbox (335.75pt too wide) detected at line 40
[]
 []


Underfull \vbox (badness 10000) detected at line 40
 []


Overfull \hbox (335.75pt too wide) detected at line 40
[]
 []


Underfull \vbox (badness 10000) detected at line 40
 []


Overfull \hbox (335.75pt too wide) detected at line 40
[]
 []


Underfull \hbox (badness 10000) has occurred while \output is active
 [][][][] 
 []

[4

] (kaeliyew.lof)
\tf@lof=\write6
\openout6 = `kaeliyew.lof'.


Underfull \hbox (badness 10000) has occurred while \output is active
 [][][][] 
 []


Overfull \hbox (7.22223pt too wide) has occurred while \output is active
[]  \EqNumFont 5
 []

[5]
Underfull \vbox (badness 10000) detected at line 41
 []


Overfull \hbox (335.75pt too wide) detected at line 41
[]
 []


Underfull \vbox (badness 10000) detected at line 41
 []


Overfull \hbox (335.75pt too wide) detected at line 41
[]
 []


Underfull \vbox (badness 10000) detected at line 41
 []


Overfull \hbox (335.75pt too wide) detected at line 41
[]
 []


Underfull \vbox (badness 10000) detected at line 41
 []


Overfull \hbox (335.75pt too wide) detected at line 41
[]
 []


Underfull \hbox (badness 10000) has occurred while \output is active
 [][][][] 
 []

[6

] [7]
Underfull \vbox (badness 10000) has occurred while \output is active []


Overfull \hbox (335.75pt too wide) has occurred while \output is active
[]
 []


Underfull \vbox (badness 10000) has occurred while \output is active []


Overfull \hbox (335.75pt too wide) has occurred while \output is active
[]
 []


Underfull \vbox (badness 10000) has occurred while \output is active []


Overfull \hbox (335.75pt too wide) has occurred while \output is active
[]
 []


Underfull \vbox (badness 10000) has occurred while \output is active []


Overfull \hbox (335.75pt too wide) has occurred while \output is active
[]
 []


Underfull \hbox (badness 10000) has occurred while \output is active
 [][][][] 
 []

[8]
Underfull \hbox (badness 7814) in paragraph at lines 46--46
[]\EqNumFont To solve the gen-er-a-tor
 []


Underfull \hbox (badness 10000) in paragraph at lines 47--47
\EqNumFont pro-gram-ming, dy-namic
 []


Underfull \hbox (badness 6348) in paragraph at lines 49--49
[]\EqNumFont fuzzy ap-proaches, sim-u-
 []


Underfull \hbox (badness 10000) in paragraph at lines 52--52
[]\EqNumFont maintenance schedul-ing.
 []


Underfull \vbox (badness 10000) detected at line 59
 []


Overfull \hbox (335.75pt too wide) detected at line 59
[]
 []


Underfull \vbox (badness 10000) detected at line 59
 []


Overfull \hbox (335.75pt too wide) detected at line 59
[]
 []


Underfull \vbox (badness 10000) detected at line 59
 []


Overfull \hbox (335.75pt too wide) detected at line 59
[]
 []


Underfull \vbox (badness 10000) detected at line 59
 []


Overfull \hbox (335.75pt too wide) detected at line 59
[]
 []


Underfull \hbox (badness 10000) has occurred while \output is active
 [][][][] 
 []

[9
\author{Author name}{Author Affiliation}
]
Underfull \vbox (badness 10000) detected at line 59
 []


Overfull \hbox (335.75pt too wide) detected at line 59
[]
 []


Underfull \vbox (badness 10000) detected at line 59
 []


Overfull \hbox (335.75pt too wide) detected at line 59
[]
 []


Underfull \vbox (badness 10000) detected at line 59
 []


Overfull \hbox (335.75pt too wide) detected at line 59
[]
 []


Underfull \vbox (badness 10000) detected at line 59
 []


Overfull \hbox (335.75pt too wide) detected at line 59
[]
 []


Underfull \hbox (badness 10000) has occurred while \output is active
 [][][][] 
 []

[10

]
Chapter 1.
(1.toc

LaTeX Font Warning: Font shape `OT1/cmr/m/n' in size <9.5> not available
(Font)              size <9> substituted on input line 1.

LaTeX Font Info:    Calculating math sizes for size <9.5> on input line 1.

LaTeX Font Warning: Font shape `OML/cmm/m/it' in size <9.5> not available
(Font)              size <9> substituted on input line 1.


LaTeX Font Warning: Font shape `OMS/cmsy/m/n' in size <9.5> not available
(Font)              size <9> substituted on input line 1.


LaTeX Font Warning: Font shape `OMX/cmex/m/n' in size <9.5> not available
(Font)              size <9> substituted on input line 1.


LaTeX Font Warning: Font shape `U/msa/m/n' in size <9.5> not available
(Font)              size <9> substituted on input line 1.


LaTeX Font Warning: Font shape `U/msb/m/n' in size <9.5> not available
(Font)              size <9> substituted on input line 1.


LaTeX Font Warning: Font shape `U/lasy/m/n' in size <9.5> not available
(Font)              size <9> substituted on input line 1.


Overfull \hbox (21.0pt too wide) in paragraph at lines 1--1
 [][] 
 []

)
\openout3 = `1.toc'.


Underfull \vbox (badness 1325) has occurred while \output is active []


Underfull \hbox (badness 10000) has occurred while \output is active
 [][][][] 
 []


Overfull \hbox (12.22224pt too wide) has occurred while \output is active
[]  \EqNumFont 11
 []

[11] [12]
File: cat.eps Graphic file (type eps)
 <cat.eps>
File: cat.eps Graphic file (type eps)
 <cat.eps>
File: Histogram.eps Graphic file (type eps)
 <Histogram.eps>
File: Histogram.eps Graphic file (type eps)
 <Histogram.eps> [13] [14]
(kaeliyew.aux)

LaTeX Font Warning: Size substitutions with differences
(Font)              up to 0.5pt have occured.

 ) 
Here is how much of TeX's memory you used:
 2214 strings out of 10901
 25331 string characters out of 72188
 80800 words of memory out of 263001
 5121 multiletter control sequences out of 10000+0
 14854 words of font info for 56 fonts, out of 400000 for 1000
 14 hyphenation exceptions out of 1000
 27i,10n,29p,508b,413s stack positions out of 300i,100n,500p,50000b,4000s

Output written on kaeliyew.dvi (14 pages, 18784 bytes).
