This is TeX, Version 3.14159 (Web2C 7.3.1) (format=latex 2002.1.17)  13 JAN 2004 20:58
**sym-list
(sym-list.tex
LaTeX2e <1999/12/01> patch level 1
Babel <v3.6Z> and hyphenation patterns for american, french, german, ngerman, n
ohyphenation, loaded.
(/usr/local/tetex/share/texmf/tex/latex/base/book.cls
Document Class: book 1999/09/10 v1.4a Standard LaTeX document class
(/usr/local/tetex/share/texmf/tex/latex/base/bk10.clo
File: bk10.clo 1999/09/10 v1.4a Standard LaTeX file (size option)
)
\c@part=\count79
\c@chapter=\count80
\c@section=\count81
\c@subsection=\count82
\c@subsubsection=\count83
\c@paragraph=\count84
\c@subparagraph=\count85
\c@figure=\count86
\c@table=\count87
\abovecaptionskip=\skip41
\belowcaptionskip=\skip42
\bibindent=\dimen102
) (kaeliyew.sty
Package: kaeliyew 2002/03/08 3.0 CRC Dictionary Document Style
\c@shared=\count88
\htrim=\dimen103
\vtrimtop=\dimen104
\vtrimbot=\dimen105
\ul@box=\box26
\ur@box=\box27
\ll@box=\box28
\lr@box=\box29
\@cipboxa=\box30
\@cipboxb=\box31
\@ciprulewidth=\dimen106
\c@numauthors=\count89
\section@toc@skip=\skip43
\SectionTOCWidth=\skip44
\subsection@toc@skip=\skip45
\SubSectionTOCWidth=\skip46
\subsubsection@toc@skip=\skip47
\SubSubSectionTOCWidth=\skip48
\paragraph@toc@skip=\skip49
\ParagraphTOCWidth=\skip50
\subparagraph@toc@skip=\skip51
\c@chaptocdepth=\count90
\c@Example=\count91
\c@subequation=\count92

(/usr/local/tetex/share/texmf/tex/latex/misc/floatflt.sty
Package: floatflt 1997/07/16 v. 1.31
\c@OptionTest=\count93
\figbox=\box32
\tabbox=\box33
\pagebox=\box34
\ffigcount=\count94
\ftabcount=\count95
\fftest=\count96
\hangcount=\count97
\nosuccesstryfig=\count98
\nosuccesstrytab=\count99
\figgutter=\dimen107
\tabgutter=\dimen108
\htdone=\dimen109
\pageht=\dimen110
\startpageht=\dimen111
\tabbredd=\dimen112
\floatfltwidth=\dimen113
\fltitemwidth=\dimen114
\outputpretest=\toks14
)
\@captionwidth=\dimen115
\@tablebox=\box35
\@tabletitlebox=\box36
\@tablewidth=\dimen116
\@tabletitlewidth=\dimen117
\max@tablewidth=\dimen118
\copyrightbox=\box37
\c@numlist=\count100
\dwidth=\dimen119
\dheight=\dimen120
\c@ALGORITHM=\count101
\c@APPLICATION=\count102
\c@CASE=\count103
\c@CLAIM=\count104
\c@COROLLARY=\count105
\c@DEFINITION=\count106
\c@FORMULA=\count107
\c@LEMMA=\count108
\c@PROPOSITION=\count109
\c@QUESTION=\count110
\c@REMARK=\count111
\c@TEST=\count112
\c@THEOREM=\count113
)
(/usr/local/tetex/share/texmf/tex/latex/tools/multicol.sty
Package: multicol 1999/10/21 v1.5w multicolumn formatting (FMi)
\c@tracingmulticols=\count114
\mult@box=\box38
\multicol@leftmargin=\dimen121
\c@unbalance=\count115
\c@collectmore=\count116
\doublecol@number=\count117
\multicoltolerance=\count118
\multicolpretolerance=\count119
\full@width=\dimen122
\page@free=\dimen123
\premulticols=\dimen124
\postmulticols=\dimen125
\multicolsep=\skip52
\multicolbaselineskip=\skip53
\partial@page=\box39
\last@line=\box40
\mult@rightbox=\box41
\mult@grightbox=\box42
\mult@gfirstbox=\box43
\mult@firstbox=\box44
\@tempa=\box45
\@tempa=\box46
\@tempa=\box47
\@tempa=\box48
\@tempa=\box49
\@tempa=\box50
\@tempa=\box51
\@tempa=\box52
\@tempa=\box53
\@tempa=\box54
\@tempa=\box55
\@tempa=\box56
\@tempa=\box57
\@tempa=\box58
\@tempa=\box59
\@tempa=\box60
\@tempa=\box61
\c@columnbadness=\count120
\c@finalcolumnbadness=\count121
\last@try=\dimen126
\multicolovershoot=\dimen127
\multicolundershoot=\dimen128
\mult@nat@firstbox=\box62
\colbreak@box=\box63
)
\tempbox=\box64
\nomenwidth=\dimen129
 (sym-list.aux)
\openout1 = `sym-list.aux'.

LaTeX Font Info:    Checking defaults for OML/cmm/m/it on input line 25.
LaTeX Font Info:    ... okay on input line 25.
LaTeX Font Info:    Checking defaults for T1/cmr/m/n on input line 25.
LaTeX Font Info:    ... okay on input line 25.
LaTeX Font Info:    Checking defaults for OT1/cmr/m/n on input line 25.
LaTeX Font Info:    ... okay on input line 25.
LaTeX Font Info:    Checking defaults for OMS/cmsy/m/n on input line 25.
LaTeX Font Info:    ... okay on input line 25.
LaTeX Font Info:    Checking defaults for OMX/cmex/m/n on input line 25.
LaTeX Font Info:    ... okay on input line 25.
LaTeX Font Info:    Checking defaults for U/cmr/m/n on input line 25.
LaTeX Font Info:    ... okay on input line 25.
LaTeX Font Info:    Try loading font information for OMS+cmr on input line 25.

(/usr/local/tetex/share/texmf/tex/latex/base/omscmr.fd
File: omscmr.fd 1999/05/25 v2.5h Standard LaTeX font definitions
)
LaTeX Font Info:    Font shape `OMS/cmr/m/n' in size <6> not available
(Font)              Font shape `OMS/cmsy/m/n' tried instead on input line 25.
LaTeX Font Info:    External font `cmex10' loaded for size
(Font)              <7> on input line 28.
LaTeX Font Info:    External font `cmex10' loaded for size
(Font)              <5> on input line 28.

Underfull \hbox (badness 7814) in paragraph at lines 28--28
[]\EqNumFont To solve the gen-er-a-tor
 []


Underfull \hbox (badness 10000) in paragraph at lines 29--29
\EqNumFont pro-gram-ming, dy-namic
 []


Underfull \hbox (badness 6348) in paragraph at lines 31--31
[]\EqNumFont fuzzy ap-proaches, sim-u-
 []


Underfull \hbox (badness 10000) in paragraph at lines 34--34
[]\EqNumFont maintenance schedul-ing.
 []

[1

] (sym-list.aux) ) 
Here is how much of TeX's memory you used:
 837 strings out of 10901
 9695 string characters out of 72188
 61560 words of memory out of 263001
 3819 multiletter control sequences out of 10000+0
 10164 words of font info for 34 fonts, out of 400000 for 1000
 14 hyphenation exceptions out of 1000
 24i,5n,21p,163b,199s stack positions out of 300i,100n,500p,50000b,4000s

Output written on sym-list.dvi (1 page, 1796 bytes).
