This is TeX, Version 3.14159 (Web2C 7.3.1) (format=latex 1999.12.22)  19 JUL 2002 17:58
**timetags
(timetags.tex
LaTeX2e <1998/12/01> patch level 1
Babel <v3.6x> and hyphenation patterns for american, french, german, ngerman, n
ohyphenation, loaded.
(/usr/local/Soft/teTeX-versions/normal/share/texmf/tex/latex/base/article.cls
Document Class: article 1999/01/07 v1.4a Standard LaTeX document class
(/usr/local/Soft/teTeX-versions/normal/share/texmf/tex/latex/base/size10.clo
File: size10.clo 1999/01/07 v1.4a Standard LaTeX file (size option)
)
\c@part=\count79
\c@section=\count80
\c@subsection=\count81
\c@subsubsection=\count82
\c@paragraph=\count83
\c@subparagraph=\count84
\c@figure=\count85
\c@table=\count86
\abovecaptionskip=\skip41
\belowcaptionskip=\skip42
\bibindent=\dimen102
)
(/usr/local/Soft/teTeX-versions/normal/share/texmf/tex/generic/babel/babel.sty
Package: babel 1999/05/05 v3.6x The Babel package

(/usr/local/Soft/teTeX-versions/normal/share/texmf/tex/generic/babel/english.ld
f
Language: english 1999/04/11 v3.3i English support from the babel system

(/usr/local/Soft/teTeX-versions/normal/share/texmf/tex/generic/babel/babel.def
File: babel.def 1999/05/05 v3.6x Babel common definitions
\babel@savecnt=\count87
\U@D=\dimen103
)))
(/usr/local/Soft/teTeX-versions/normal/share/texmf/tex/latex/graphics/epsfig.st
y
Package: epsfig 1999/02/16 v1.7a (e)psfig emulation (SPQR)

(/usr/local/Soft/teTeX-versions/normal/share/texmf/tex/latex/graphics/graphicx.
sty
Package: graphicx 1999/02/16 v1.0f Enhanced LaTeX Graphics (DPC,SPQR)

(/usr/local/Soft/teTeX-versions/normal/share/texmf/tex/latex/graphics/keyval.st
y
Package: keyval 1999/03/16 v1.13 key=value parser (DPC)
\KV@toks@=\toks14
)
(/usr/local/Soft/teTeX-versions/normal/share/texmf/tex/latex/graphics/graphics.
sty
Package: graphics 1999/02/16 v1.0l Standard LaTeX Graphics (DPC,SPQR)

(/usr/local/Soft/teTeX-versions/normal/share/texmf/tex/latex/graphics/trig.sty
Package: trig 1999/03/16 v1.09 sin cos tan (DPC)
)
(/usr/local/Soft/teTeX-versions/normal/share/texmf/tex/latex/config/graphics.cf
g)
Package graphics Info: Driver file: dvips.def on input line 80.

(/usr/local/Soft/teTeX-versions/normal/share/texmf/tex/latex/graphics/dvips.def
File: dvips.def 1999/02/16 v3.0i Driver-dependant file (DPC,SPQR)
))
\Gin@req@height=\dimen104
\Gin@req@width=\dimen105
)
\epsfxsize=\dimen106
\epsfysize=\dimen107
) (timetags.aux)
\openout1 = `timetags.aux'.

LaTeX Font Info:    Checking defaults for OML/cmm/m/it on input line 38.
LaTeX Font Info:    ... okay on input line 38.
LaTeX Font Info:    Checking defaults for T1/cmr/m/n on input line 38.
LaTeX Font Info:    ... okay on input line 38.
LaTeX Font Info:    Checking defaults for OT1/cmr/m/n on input line 38.
LaTeX Font Info:    ... okay on input line 38.
LaTeX Font Info:    Checking defaults for OMS/cmsy/m/n on input line 38.
LaTeX Font Info:    ... okay on input line 38.
LaTeX Font Info:    Checking defaults for OMX/cmex/m/n on input line 38.
LaTeX Font Info:    ... okay on input line 38.
LaTeX Font Info:    Checking defaults for U/cmr/m/n on input line 38.
LaTeX Font Info:    ... okay on input line 38.
LaTeX Font Info:    External font `cmex10' loaded for size
(Font)              <12> on input line 59.
LaTeX Font Info:    External font `cmex10' loaded for size
(Font)              <8> on input line 59.
LaTeX Font Info:    External font `cmex10' loaded for size
(Font)              <6> on input line 59.

Underfull \hbox (badness 1742) in paragraph at lines 137--150
\OT1/cmr/m/n/10 nisms such as a reg-is-ter up-date units or re-order
 []

[1


] [2]
LaTeX Font Info:    Try loading font information for OMS+cmr on input line 373.


(/usr/local/Soft/teTeX-versions/normal/share/texmf/tex/latex/base/omscmr.fd
File: omscmr.fd 1998/03/27 v2.5g Standard LaTeX font definitions
)
LaTeX Font Info:    Font shape `OMS/cmr/m/n' in size <10> not available
(Font)              Font shape `OMS/cmsy/m/n' tried instead on input line 373.

[3]
LaTeX Font Info:    External font `cmex10' loaded for size
(Font)              <7> on input line 466.
LaTeX Font Info:    External font `cmex10' loaded for size
(Font)              <5> on input line 466.

Underfull \hbox (badness 4205) in paragraph at lines 452--471
\OT1/cmr/m/n/10 As with mi-croar-chi-tec-tures not us-ing time tags,
 []

File: source.eps Graphic file (type eps)
<source.eps>
Underfull \hbox (badness 10000) in paragraph at lines 547--547
[]\OT1/cmr/bx/n/12 Result For-ward-ing Buses and
 []

[4]
Underfull \vbox (badness 10000) has occurred while \output is active []


Underfull \vbox (badness 6608) has occurred while \output is active []

 [5]
Underfull \vbox (badness 1303) has occurred while \output is active []

 [6]
Underfull \hbox (badness 1270) in paragraph at lines 826--835
[]\OT1/cmr/m/n/10 This pred-i-ca-tion strat-egy re-quires two store-type
 []

[7]
File: window.eps Graphic file (type eps)
 <window.eps> [8] [9] [10]
Underfull \vbox (badness 10000) has occurred while \output is active []


(timetags.bbl [11]
Underfull \hbox (badness 1412) in paragraph at lines 170--175
[]\OT1/cmr/m/n/9 Wang S.S.H and Uht A.K.  Ideo-graph/Ideogram:
 []

) [12] (timetags.aux) ) 
Here is how much of TeX's memory you used:
 875 strings out of 10901
 10164 string characters out of 1196544
 71758 words of memory out of 263001
 3832 multiletter control sequences out of 10000+0
 9053 words of font info for 32 fonts, out of 400000 for 1000
 14 hyphenation exceptions out of 1000
 32i,8n,21p,363b,324s stack positions out of 300i,100n,500p,50000b,4000s

Output written on timetags.dvi (12 pages, 79536 bytes).
